17:11:25 [ INFO] [main] - Initializing Browser for Automation
17:13:08 [ INFO] [main] - Initializing Browser for Automation
17:13:29 [ INFO] [main] - Browser Initialization Successfull
17:13:34 [ INFO] [main] - Total no of case: 3
17:13:35 [ INFO] [main] - Initialization Report
17:13:36 [ INFO] [main] - Report Initialization Successfull
17:13:36 [ INFO] [main] - Initializing Screenshot path
17:13:36 [ INFO] [main] - Report Initialization Successfull
17:13:37 [ INFO] [main] -   TC#1  No
17:13:37 [ INFO] [main] -   TC#2  No
17:13:37 [ INFO] [main] -   TC#3  Yes
17:13:37 [ INFO] [main] - Starting Test Case TC#3
17:13:37 [ INFO] [main] - Test Case Data
17:13:37 [ INFO] [main] -   Agent Console  New Application  Click  
17:13:38 [ERROR] [main] - Error in getting Client_Side_Message_Identifier in getLocators in ReadPageManager Class
17:13:38 [ERROR] [main] - java.lang.NullPointerException
17:13:38 [ERROR] [main] - Error in getting Client_Side_Message_Locator in getLocators in ReadPageManager Class
17:13:38 [ERROR] [main] - java.lang.NullPointerException
17:13:38 [ INFO] [main] - Locator for New Application in page Agent Console
17:13:38 [ INFO] [main] -   Button  xpath  //li[@class='startNew']/a    
17:13:43 [ INFO] [main] - Test Case Data
17:13:43 [ INFO] [main] -   New Application  Plan Type  Click  FLX 10 Year Term
17:13:43 [ERROR] [main] - Error in getting Client_Side_Message_Identifier in getLocators in ReadPageManager Class
17:13:43 [ERROR] [main] - java.lang.NullPointerException
17:13:43 [ERROR] [main] - Error in getting Client_Side_Message_Locator in getLocators in ReadPageManager Class
17:13:43 [ERROR] [main] - java.lang.NullPointerException
17:13:43 [ INFO] [main] - Locator for Plan Type in page New Application
17:13:43 [ INFO] [main] -   Button  xpath  //td[@title='+PlanofInsurace+']    
17:13:45 [ INFO] [main] - Test Case Data
17:13:45 [ INFO] [main] -   New Application  Quote  Click  
17:13:45 [ERROR] [main] - Error in getting Client_Side_Message_Identifier in getLocators in ReadPageManager Class
17:13:45 [ERROR] [main] - java.lang.NullPointerException
17:13:45 [ERROR] [main] - Error in getting Client_Side_Message_Locator in getLocators in ReadPageManager Class
17:13:45 [ERROR] [main] - java.lang.NullPointerException
17:13:45 [ INFO] [main] - Locator for Quote in page New Application
17:13:45 [ INFO] [main] -   Button  id  Quote    
17:13:48 [ INFO] [main] - Test Case Data
17:13:48 [ INFO] [main] -   Quote  First Name  SetValue  Samrat
17:13:48 [ INFO] [main] - Locator for First Name in page Quote
17:13:48 [ INFO] [main] -   TextBox  name  a_FirstName_PINS  xpath  //div[@class='validationMsg']/label[@for='a_FirstName_PINS_quote_lifeterm']
17:13:52 [ INFO] [main] - Test Case Data
17:13:52 [ INFO] [main] -   Quote  First Name  VerifyClientMessage  SKIP
17:13:52 [ INFO] [main] - Test Case Data
17:13:52 [ INFO] [main] -   Quote  MI  SetValue  
17:13:52 [ INFO] [main] - Locator for MI in page Quote
17:13:52 [ INFO] [main] -   TextBox  name  a_MiddleName_PINS  xpath  //div[@class='validationMsg']/label[@for='a_MiddleName_PINS_quote_lifeterm']
17:13:53 [ INFO] [main] - Test Case Data
17:13:53 [ INFO] [main] -   Quote  Last Name  SetValue  Sinha
17:13:53 [ INFO] [main] - Locator for Last Name in page Quote
17:13:53 [ INFO] [main] -   TextBox  name  a_LastName_PINS  xpath  //div[@class='validationMsg']/label[@for='a_LastName_PINS_quote_lifeterm']
17:13:54 [ INFO] [main] - Test Case Data
17:13:54 [ INFO] [main] -   Quote  Last Name  VerifyClientMessage  SKIP
17:13:54 [ INFO] [main] - Test Case Data
17:13:54 [ INFO] [main] -   Quote  Suffix  SetValue  
17:13:55 [ INFO] [main] - Locator for Suffix in page Quote
17:13:55 [ INFO] [main] -   DDLB  name  a_Suffix_PINS  xpath  //div[@class='validationMsg']/label[@for='a_Suffix_PINS_quote_lifeterm']
17:13:55 [ INFO] [main] - Test Case Data
17:13:55 [ INFO] [main] -   Quote  Application Jurisdiction  SetValue  DE
17:13:55 [ INFO] [main] - Locator for Application Jurisdiction in page Quote
17:13:55 [ INFO] [main] -   DDLB  name  a_ApplicationJurisdiction  xpath  //div[@class='validationMsg']/label[@for='a_ApplicationJurisdiction_quote_lifeterm']
17:13:56 [ INFO] [main] - Test Case Data
17:13:56 [ INFO] [main] -   Quote  Save Age  SetValue  No
17:13:56 [ INFO] [main] - Locator for Save Age in page Quote
17:13:56 [ INFO] [main] -   RadioOption  name  a_SaveAgeInd  xpath  //div[@class='validationMsg']/label[@for='a_SaveAgeInd_quote_lifeterm']
17:13:57 [ INFO] [main] - Test Case Data
17:13:57 [ INFO] [main] -   Quote  Requested Policy Effective Date  SetValue  SKIP
17:13:57 [ INFO] [main] - Test Case Data
17:13:57 [ INFO] [main] -   Quote  DOB  SetValue  01/01/1995
17:13:57 [ INFO] [main] - Locator for DOB in page Quote
17:13:57 [ INFO] [main] -   TextBox  name  a_DOB_PINS  xpath  //div[@class='validationMsg']/label[@for='a_DOB_PINS_quote_lifeterm']
17:13:59 [ INFO] [main] - Test Case Data
17:13:59 [ INFO] [main] -   Quote  Age  GetValue  SKIP
17:14:00 [ INFO] [main] - Test Case Data
17:14:00 [ INFO] [main] -   Quote  Gender  SetValue  Male
17:14:00 [ INFO] [main] - Locator for Gender in page Quote
17:14:00 [ INFO] [main] -   DDLB  name  a_Gender_PINS  xpath  //div[@class='validationMsg']/label[@for='a_Gender_PINS_quote_lifeterm']
17:14:01 [ INFO] [main] - Test Case Data
17:14:01 [ INFO] [main] -   Quote  Tobacco User  SetValue  No
17:14:01 [ INFO] [main] - Locator for Tobacco User in page Quote
17:14:01 [ INFO] [main] -   RadioOption  name  a_TobaccoPremiumBasis_PINS  xpath  //div[@class='validationMsg']/label[@for='a_TobaccoPremiumBasis_PINS_quote_lifeterm']
17:14:04 [ INFO] [main] - Test Case Data
17:14:04 [ INFO] [main] -   Quote  Coverage Amount  SetValue  300000
17:14:04 [ INFO] [main] - Locator for Coverage Amount in page Quote
17:14:04 [ INFO] [main] -   TextBox  name  a_CurrentAmt  xpath  //div[@class='validationMsg']/label[@for='a_CurrentAmt_quote_lifeterm']
17:14:06 [ INFO] [main] - Test Case Data
17:14:06 [ INFO] [main] -   Quote  Risk Classification Applied For  SetValue  Preferred Non Tobacco
17:14:06 [ INFO] [main] - Locator for Risk Classification Applied For in page Quote
17:14:06 [ INFO] [main] -   DDLB  name  a_RateClassAppliedFor_PINS  xpath  //div[@class='validationMsg']/label[@for='a_RateClassAppliedFor_PINS_quote_lifeterm']
17:14:08 [ INFO] [main] - Test Case Data
17:14:08 [ INFO] [main] -   Quote  Billing Frequency  SetValue  Quarterly
17:14:08 [ INFO] [main] - Locator for Billing Frequency in page Quote
17:14:08 [ INFO] [main] -   DDLB  name  a_PaymentMode  xpath  //div[@class='validationMsg']/label[@for='a_PaymentMode_quote_lifeterm']
17:14:08 [ INFO] [main] - Test Case Data
17:14:08 [ INFO] [main] -   Quote  ADB Rider  SetValue  No
17:14:09 [ INFO] [main] - Locator for ADB Rider in page Quote
17:14:09 [ INFO] [main] -   Checkbox  name  a_ADBRider  xpath  //div[@class='validationMsg']/label[@for='a_ADBRider_quote_lifeterm']
17:14:09 [ INFO] [main] - Test Case Data
17:14:09 [ INFO] [main] -   Quote  ADB Amount  SetValue  SKIP
17:14:09 [ INFO] [main] - Test Case Data
17:14:09 [ INFO] [main] -   Quote  WOP Rider  SetValue  Yes
17:14:09 [ INFO] [main] - Locator for WOP Rider in page Quote
17:14:09 [ INFO] [main] -   Checkbox  name  a_WOPRider  xpath  //div[@class='validationMsg']/label[@for='a_WOPRider_quote_lifeterm']
17:14:10 [ INFO] [main] - Test Case Data
17:14:10 [ INFO] [main] -   Quote  Child Rider  SetValue  No
17:14:11 [ INFO] [main] - Locator for Child Rider in page Quote
17:14:11 [ INFO] [main] -   Checkbox  name  a_CTRider  xpath  //div[@class='validationMsg']/label[@for='a_CTRider_quote_lifeterm']
17:14:11 [ INFO] [main] - Test Case Data
17:14:11 [ INFO] [main] -   Quote  Same Payor Discount  SetValue  
17:14:11 [ INFO] [main] - Locator for Same Payor Discount in page Quote
17:14:11 [ INFO] [main] -   Checkbox  name  a_SamePyrDiscountInd  xpath  //div[@class='validationMsg']/label[@for='a_SamePyrDiscountInd_quote_lifeterm']
17:14:12 [ INFO] [main] - Test Case Data
17:14:12 [ INFO] [main] -   Quote  Employee Discount  SetValue  
17:14:12 [ INFO] [main] - Locator for Employee Discount in page Quote
17:14:12 [ INFO] [main] -   Checkbox  name  a_EmployeeDiscountInd  xpath  //div[@class='validationMsg']/label[@for='a_EmployeeDiscountInd_quote_lifeterm']
17:14:13 [ INFO] [main] - Test Case Data
17:14:13 [ INFO] [main] -   Quote  Association Discount  SetValue  
17:14:13 [ INFO] [main] - Locator for Association Discount in page Quote
17:14:13 [ INFO] [main] -   Checkbox  name  a_AstDiscountInd  xpath  //div[@class='validationMsg']/label[@for='a_AstDiscountInd_quote_lifeterm']
17:14:13 [ INFO] [main] - Test Case Data
17:14:13 [ INFO] [main] -   Quote  Quote  Click  
17:14:13 [ERROR] [main] - Error in getting Client_Side_Message_Identifier in getLocators in ReadPageManager Class
17:14:13 [ERROR] [main] - java.lang.NullPointerException
17:14:13 [ERROR] [main] - Error in getting Client_Side_Message_Locator in getLocators in ReadPageManager Class
17:14:13 [ERROR] [main] - java.lang.NullPointerException
17:14:13 [ INFO] [main] - Locator for Quote in page Quote
17:14:13 [ INFO] [main] -   Button  xpath  //input[@id='quoteButton']    
17:14:15 [ INFO] [main] - Test Case Data
17:14:15 [ INFO] [main] -   Quote  Risk Classification Applied For  GetValue  SKIP
17:14:15 [ INFO] [main] - Test Case Data
17:14:15 [ INFO] [main] -   Quote  ADB Rider  GetValue  SKIP
17:14:15 [ INFO] [main] - Test Case Data
17:14:15 [ INFO] [main] -   Quote  ADB Amount  GetValue  SKIP
17:14:15 [ INFO] [main] - Test Case Data
17:14:15 [ INFO] [main] -   Quote  DOB  GetValue  SKIP
17:14:15 [ INFO] [main] - Test Case Data
17:14:15 [ INFO] [main] -   Quote  Tobacco User  GetValue  SKIP
17:14:15 [ INFO] [main] - Test Case Data
17:14:15 [ INFO] [main] -   Quote  Save Age  GetValue  SKIP
17:14:15 [ INFO] [main] - Test Case Data
17:14:15 [ INFO] [main] -   Quote  Same Payor Discount  GetValue  SKIP
17:14:15 [ INFO] [main] - Test Case Data
17:14:15 [ INFO] [main] -   Quote  Start New Application  Click  
17:14:15 [ERROR] [main] - Error in getting Client_Side_Message_Identifier in getLocators in ReadPageManager Class
17:14:15 [ERROR] [main] - java.lang.NullPointerException
17:14:15 [ERROR] [main] - Error in getting Client_Side_Message_Locator in getLocators in ReadPageManager Class
17:14:15 [ERROR] [main] - java.lang.NullPointerException
17:14:15 [ INFO] [main] - Locator for Start New Application in page Quote
17:14:15 [ INFO] [main] -   Button  id  startNewAppButton    
17:14:20 [ INFO] [main] - Test Case Data
17:14:20 [ INFO] [main] -   Getting Started  Gender  SetValue  Female
17:14:20 [ INFO] [main] - Locator for Gender in page Getting Started
17:14:20 [ INFO] [main] -   DDLB  name  a_Gender_PINS  xpath  //div[@class='validationMsg']/label[@for='a_Gender_PINS_getting_started_lifeterm']
17:14:21 [ INFO] [main] - Test Case Data
17:14:21 [ INFO] [main] -   Getting Started  Next  Click  
17:14:21 [ERROR] [main] - Error in getting Client_Side_Message_Identifier in getLocators in ReadPageManager Class
17:14:21 [ERROR] [main] - java.lang.NullPointerException
17:14:21 [ERROR] [main] - Error in getting Client_Side_Message_Locator in getLocators in ReadPageManager Class
17:14:21 [ERROR] [main] - java.lang.NullPointerException
17:14:21 [ INFO] [main] - Locator for Next in page Getting Started
17:14:21 [ INFO] [main] -   Button  id  nextButton    
17:14:25 [ INFO] [main] - Execution Completed for Test Case TC#3
17:14:26 [ INFO] [main] - Report Building Completed
17:14:26 [ INFO] [main] - Reporfiming Logout
17:14:28 [ INFO] [main] - Logout Successfull
17:46:33 [ INFO] [main] - Initializing Browser for Automation
17:46:49 [ INFO] [main] - Browser Initialization Successfull
17:46:53 [ INFO] [main] - Total no of case: 4
17:46:53 [ INFO] [main] - Initialization Report
17:46:53 [ INFO] [main] - Report Initialization Successfull
17:46:53 [ INFO] [main] - Initializing Screenshot path
17:46:53 [ INFO] [main] - Report Initialization Successfull
17:46:53 [ INFO] [main] -   TC#1  No
17:46:54 [ INFO] [main] -   TC#2  No
17:46:54 [ INFO] [main] -   TC#3  No
17:46:54 [ INFO] [main] -   TC#4  Yes
17:46:54 [ INFO] [main] - Starting Test Case TC#4
17:46:54 [ INFO] [main] - Test Case Data
17:46:54 [ INFO] [main] -   Agent Console  New Application  Click  SKIP
17:46:54 [ INFO] [main] - Test Case Data
17:46:54 [ INFO] [main] -   New Application  Plan Type  Click  SKIP
17:46:55 [ INFO] [main] - Test Case Data
17:46:55 [ INFO] [main] -   New Application  Quote  Click  SKIP
17:46:55 [ INFO] [main] - Test Case Data
17:46:55 [ INFO] [main] -   Quote  First Name  SetValue  SKIP
17:46:55 [ INFO] [main] - Test Case Data
17:46:55 [ INFO] [main] -   Quote  First Name  VerifyClientMessage  SKIP
17:46:55 [ INFO] [main] - Test Case Data
17:46:55 [ INFO] [main] -   Quote  MI  SetValue  SKIP
17:46:55 [ INFO] [main] - Test Case Data
17:46:55 [ INFO] [main] -   Quote  Last Name  SetValue  SKIP
17:46:55 [ INFO] [main] - Test Case Data
17:46:55 [ INFO] [main] -   Quote  Last Name  VerifyClientMessage  SKIP
17:46:56 [ INFO] [main] - Test Case Data
17:46:56 [ INFO] [main] -   Quote  Suffix  SetValue  SKIP
17:46:56 [ INFO] [main] - Test Case Data
17:46:56 [ INFO] [main] -   Quote  Application Jurisdiction  SetValue  SKIP
17:46:56 [ INFO] [main] - Test Case Data
17:46:56 [ INFO] [main] -   Quote  Save Age  SetValue  SKIP
17:46:56 [ INFO] [main] - Test Case Data
17:46:56 [ INFO] [main] -   Quote  Requested Policy Effective Date  SetValue  SKIP
17:46:56 [ INFO] [main] - Test Case Data
17:46:56 [ INFO] [main] -   Quote  DOB  SetValue  SKIP
17:46:56 [ INFO] [main] - Test Case Data
17:46:56 [ INFO] [main] -   Quote  Age  GetValue  SKIP
17:46:56 [ INFO] [main] - Test Case Data
17:46:56 [ INFO] [main] -   Quote  Gender  SetValue  SKIP
17:46:57 [ INFO] [main] - Test Case Data
17:46:57 [ INFO] [main] -   Quote  Tobacco User  SetValue  SKIP
17:46:57 [ INFO] [main] - Test Case Data
17:46:57 [ INFO] [main] -   Quote  Coverage Amount  SetValue  SKIP
17:46:57 [ INFO] [main] - Test Case Data
17:46:57 [ INFO] [main] -   Quote  Risk Classification Applied For  SetValue  SKIP
17:46:57 [ INFO] [main] - Test Case Data
17:46:57 [ INFO] [main] -   Quote  Billing Frequency  SetValue  SKIP
17:46:57 [ INFO] [main] - Test Case Data
17:46:57 [ INFO] [main] -   Quote  ADB Rider  SetValue  SKIP
17:46:57 [ INFO] [main] - Test Case Data
17:46:57 [ INFO] [main] -   Quote  ADB Amount  SetValue  SKIP
17:46:57 [ INFO] [main] - Test Case Data
17:46:57 [ INFO] [main] -   Quote  WOP Rider  SetValue  SKIP
17:46:57 [ INFO] [main] - Test Case Data
17:46:57 [ INFO] [main] -   Quote  Child Rider  SetValue  SKIP
17:46:57 [ INFO] [main] - Test Case Data
17:46:57 [ INFO] [main] -   Quote  Same Payor Discount  SetValue  SKIP
17:46:57 [ INFO] [main] - Test Case Data
17:46:57 [ INFO] [main] -   Quote  Employee Discount  SetValue  SKIP
17:46:57 [ INFO] [main] - Test Case Data
17:46:57 [ INFO] [main] -   Quote  Association Discount  SetValue  SKIP
17:46:57 [ INFO] [main] - Test Case Data
17:46:57 [ INFO] [main] -   Quote  Quote  Click  SKIP
17:46:57 [ INFO] [main] - Test Case Data
17:46:57 [ INFO] [main] -   Quote  Risk Classification Applied For  GetValue  SKIP
17:46:58 [ INFO] [main] - Test Case Data
17:46:58 [ INFO] [main] -   Quote  ADB Rider  GetValue  SKIP
17:46:58 [ INFO] [main] - Test Case Data
17:46:58 [ INFO] [main] -   Quote  ADB Amount  GetValue  SKIP
17:46:58 [ INFO] [main] - Test Case Data
17:46:58 [ INFO] [main] -   Quote  DOB  GetValue  SKIP
17:46:58 [ INFO] [main] - Test Case Data
17:46:58 [ INFO] [main] -   Quote  Tobacco User  GetValue  SKIP
17:46:58 [ INFO] [main] - Test Case Data
17:46:58 [ INFO] [main] -   Quote  Save Age  GetValue  SKIP
17:46:58 [ INFO] [main] - Test Case Data
17:46:58 [ INFO] [main] -   Quote  Same Payor Discount  GetValue  SKIP
17:46:58 [ INFO] [main] - Test Case Data
17:46:58 [ INFO] [main] -   Quote  Start New Application  Click  SKIP
17:46:58 [ INFO] [main] - Test Case Data
17:46:58 [ INFO] [main] -   Getting Started  Gender  SetValue  SKIP
17:46:58 [ INFO] [main] - Test Case Data
17:46:58 [ INFO] [main] -   Getting Started  Policy Number  GetValue  SKIP
17:46:59 [ INFO] [main] - Test Case Data
17:46:59 [ INFO] [main] -   Getting Started  Next  Click  SKIP
17:46:59 [ INFO] [main] - Test Case Data
17:46:59 [ INFO] [main] -   Agent Console  In Progress  Click  
17:47:00 [ERROR] [main] - Error in getting Client_Side_Message_Identifier in getLocators in ReadPageManager Class
17:47:00 [ERROR] [main] - java.lang.NullPointerException
17:47:00 [ERROR] [main] - Error in getting Client_Side_Message_Locator in getLocators in ReadPageManager Class
17:47:00 [ERROR] [main] - java.lang.NullPointerException
17:47:00 [ INFO] [main] - Locator for In Progress in page Agent Console
17:47:00 [ INFO] [main] -   Button  xpath  //li[@class='inProgress']/a    
17:47:03 [ INFO] [main] - Test Case Data
17:47:03 [ INFO] [main] -   In Progress  Status  GetValue  CT10005346
17:47:03 [ERROR] [main] - Error in getting Client_Side_Message_Identifier in getLocators in ReadPageManager Class
17:47:03 [ERROR] [main] - java.lang.NullPointerException
17:47:03 [ERROR] [main] - Error in getting Client_Side_Message_Locator in getLocators in ReadPageManager Class
17:47:03 [ERROR] [main] - java.lang.NullPointerException
17:47:03 [ INFO] [main] - Locator for Status in page In Progress
17:47:03 [ INFO] [main] -   TextBox  xpath  //td[@aria-describedby='list2_policyNumber' and text()='+PolicyNumber+']/following-sibling::td[@aria-describedby='list2_status']    
17:47:03 [ INFO] [main] - Writing test data 'null' into cell (41,6)
17:47:05 [ INFO] [main] - Test Case Data
17:47:05 [ INFO] [main] -   In Progress  Client Name  Click  CT10005346
17:47:05 [ERROR] [main] - Error in getting Client_Side_Message_Identifier in getLocators in ReadPageManager Class
17:47:05 [ERROR] [main] - java.lang.NullPointerException
17:47:05 [ERROR] [main] - Error in getting Client_Side_Message_Locator in getLocators in ReadPageManager Class
17:47:05 [ERROR] [main] - java.lang.NullPointerException
17:47:05 [ INFO] [main] - Locator for Client Name in page In Progress
17:47:05 [ INFO] [main] -   Button  xpath  //td[@aria-describedby='list2_policyNumber' and text()='+PolicyNumber+']/preceding-sibling::td[@aria-describedby='list2_clientName']    
17:47:06 [ INFO] [main] - Execution Completed for Test Case TC#4
17:47:08 [ INFO] [main] - Report Building Completed
17:47:08 [ INFO] [main] - Reporfiming Logout
17:47:10 [ INFO] [main] - Logout Successfull
17:57:32 [ INFO] [main] - Initializing Browser for Automation
17:57:48 [ INFO] [main] - Browser Initialization Successfull
17:57:52 [ INFO] [main] - Total no of case: 4
17:57:52 [ INFO] [main] - Initialization Report
17:57:52 [ INFO] [main] - Report Initialization Successfull
17:57:52 [ INFO] [main] - Initializing Screenshot path
17:57:52 [ INFO] [main] - Report Initialization Successfull
17:57:52 [ INFO] [main] -   TC#1  No
17:57:53 [ INFO] [main] -   TC#2  No
17:57:53 [ INFO] [main] -   TC#3  No
17:57:53 [ INFO] [main] -   TC#4  Yes
17:57:54 [ INFO] [main] - Starting Test Case TC#4
17:57:54 [ INFO] [main] - Test Case Data
17:57:54 [ INFO] [main] -   Agent Console  New Application  Click  SKIP
17:57:54 [ INFO] [main] - Test Case Data
17:57:54 [ INFO] [main] -   New Application  Plan Type  Click  SKIP
17:57:54 [ INFO] [main] - Test Case Data
17:57:54 [ INFO] [main] -   New Application  Quote  Click  SKIP
17:57:54 [ INFO] [main] - Test Case Data
17:57:54 [ INFO] [main] -   Quote  First Name  SetValue  SKIP
17:57:54 [ INFO] [main] - Test Case Data
17:57:54 [ INFO] [main] -   Quote  First Name  VerifyClientMessage  SKIP
17:57:54 [ INFO] [main] - Test Case Data
17:57:54 [ INFO] [main] -   Quote  MI  SetValue  SKIP
17:57:54 [ INFO] [main] - Test Case Data
17:57:54 [ INFO] [main] -   Quote  Last Name  SetValue  SKIP
17:57:55 [ INFO] [main] - Test Case Data
17:57:55 [ INFO] [main] -   Quote  Last Name  VerifyClientMessage  SKIP
17:57:55 [ INFO] [main] - Test Case Data
17:57:55 [ INFO] [main] -   Quote  Suffix  SetValue  SKIP
17:57:55 [ INFO] [main] - Test Case Data
17:57:55 [ INFO] [main] -   Quote  Application Jurisdiction  SetValue  SKIP
17:57:55 [ INFO] [main] - Test Case Data
17:57:55 [ INFO] [main] -   Quote  Save Age  SetValue  SKIP
17:57:55 [ INFO] [main] - Test Case Data
17:57:55 [ INFO] [main] -   Quote  Requested Policy Effective Date  SetValue  SKIP
17:57:55 [ INFO] [main] - Test Case Data
17:57:55 [ INFO] [main] -   Quote  DOB  SetValue  SKIP
17:57:55 [ INFO] [main] - Test Case Data
17:57:55 [ INFO] [main] -   Quote  Age  GetValue  SKIP
17:57:55 [ INFO] [main] - Test Case Data
17:57:55 [ INFO] [main] -   Quote  Gender  SetValue  SKIP
17:57:55 [ INFO] [main] - Test Case Data
17:57:55 [ INFO] [main] -   Quote  Tobacco User  SetValue  SKIP
17:57:55 [ INFO] [main] - Test Case Data
17:57:55 [ INFO] [main] -   Quote  Coverage Amount  SetValue  SKIP
17:57:55 [ INFO] [main] - Test Case Data
17:57:55 [ INFO] [main] -   Quote  Risk Classification Applied For  SetValue  SKIP
17:57:55 [ INFO] [main] - Test Case Data
17:57:55 [ INFO] [main] -   Quote  Billing Frequency  SetValue  SKIP
17:57:55 [ INFO] [main] - Test Case Data
17:57:55 [ INFO] [main] -   Quote  ADB Rider  SetValue  SKIP
17:57:56 [ INFO] [main] - Test Case Data
17:57:56 [ INFO] [main] -   Quote  ADB Amount  SetValue  SKIP
17:57:56 [ INFO] [main] - Test Case Data
17:57:56 [ INFO] [main] -   Quote  WOP Rider  SetValue  SKIP
17:57:56 [ INFO] [main] - Test Case Data
17:57:56 [ INFO] [main] -   Quote  Child Rider  SetValue  SKIP
17:57:56 [ INFO] [main] - Test Case Data
17:57:56 [ INFO] [main] -   Quote  Same Payor Discount  SetValue  SKIP
17:57:56 [ INFO] [main] - Test Case Data
17:57:56 [ INFO] [main] -   Quote  Employee Discount  SetValue  SKIP
17:57:56 [ INFO] [main] - Test Case Data
17:57:56 [ INFO] [main] -   Quote  Association Discount  SetValue  SKIP
17:57:56 [ INFO] [main] - Test Case Data
17:57:56 [ INFO] [main] -   Quote  Quote  Click  SKIP
17:57:56 [ INFO] [main] - Test Case Data
17:57:56 [ INFO] [main] -   Quote  Risk Classification Applied For  GetValue  SKIP
17:57:56 [ INFO] [main] - Test Case Data
17:57:56 [ INFO] [main] -   Quote  ADB Rider  GetValue  SKIP
17:57:56 [ INFO] [main] - Test Case Data
17:57:56 [ INFO] [main] -   Quote  ADB Amount  GetValue  SKIP
17:57:56 [ INFO] [main] - Test Case Data
17:57:56 [ INFO] [main] -   Quote  DOB  GetValue  SKIP
17:57:56 [ INFO] [main] - Test Case Data
17:57:56 [ INFO] [main] -   Quote  Tobacco User  GetValue  SKIP
17:57:57 [ INFO] [main] - Test Case Data
17:57:57 [ INFO] [main] -   Quote  Save Age  GetValue  SKIP
17:57:57 [ INFO] [main] - Test Case Data
17:57:57 [ INFO] [main] -   Quote  Same Payor Discount  GetValue  SKIP
17:57:57 [ INFO] [main] - Test Case Data
17:57:57 [ INFO] [main] -   Quote  Start New Application  Click  SKIP
17:57:57 [ INFO] [main] - Test Case Data
17:57:57 [ INFO] [main] -   Getting Started  Gender  SetValue  SKIP
17:57:57 [ INFO] [main] - Test Case Data
17:57:57 [ INFO] [main] -   Getting Started  Policy Number  GetValue  SKIP
17:57:57 [ INFO] [main] - Test Case Data
17:57:57 [ INFO] [main] -   Getting Started  Next  Click  SKIP
17:57:57 [ INFO] [main] - Test Case Data
17:57:57 [ INFO] [main] -   Agent Console  In Progress  Click  
17:57:58 [ERROR] [main] - Error in getting Client_Side_Message_Identifier in getLocators in ReadPageManager Class
17:57:58 [ERROR] [main] - java.lang.NullPointerException
17:57:58 [ERROR] [main] - Error in getting Client_Side_Message_Locator in getLocators in ReadPageManager Class
17:57:58 [ERROR] [main] - java.lang.NullPointerException
17:57:58 [ INFO] [main] - Locator for In Progress in page Agent Console
17:57:58 [ INFO] [main] -   Button  xpath  //li[@class='inProgress']/a    
17:58:01 [ INFO] [main] - Test Case Data
17:58:01 [ INFO] [main] -   In Progress  Status  GetValue  CT10005346
17:58:01 [ERROR] [main] - Error in getting Client_Side_Message_Identifier in getLocators in ReadPageManager Class
17:58:01 [ERROR] [main] - java.lang.NullPointerException
17:58:01 [ERROR] [main] - Error in getting Client_Side_Message_Locator in getLocators in ReadPageManager Class
17:58:01 [ERROR] [main] - java.lang.NullPointerException
17:58:01 [ INFO] [main] - Locator for Status in page In Progress
17:58:01 [ INFO] [main] -   TextBox  xpath  //td[@aria-describedby='list2_policyNumber' and text()='+PolicyNumber+']/following-sibling::td[@aria-describedby='list2_status']    
17:58:02 [ INFO] [main] - Writing test data 'In Progress' into cell (41,6)
17:58:02 [ INFO] [main] - Test Case Data
17:58:02 [ INFO] [main] -   In Progress  Client Name  Click  CT10005346
17:58:02 [ERROR] [main] - Error in getting Client_Side_Message_Identifier in getLocators in ReadPageManager Class
17:58:02 [ERROR] [main] - java.lang.NullPointerException
17:58:02 [ERROR] [main] - Error in getting Client_Side_Message_Locator in getLocators in ReadPageManager Class
17:58:02 [ERROR] [main] - java.lang.NullPointerException
17:58:02 [ INFO] [main] - Locator for Client Name in page In Progress
17:58:02 [ INFO] [main] -   Button  xpath  //td[@aria-describedby='list2_policyNumber' and text()='+PolicyNumber+']/preceding-sibling::td[@aria-describedby='list2_clientName']    
17:58:03 [ INFO] [main] - Execution Completed for Test Case TC#4
17:58:04 [ INFO] [main] - Report Building Completed
17:58:04 [ INFO] [main] - Reporfiming Logout
17:58:07 [ INFO] [main] - Logout Successfull
18:09:14 [ INFO] [main] - Initializing Browser for Automation
18:09:30 [ INFO] [main] - Browser Initialization Successfull
18:09:33 [ INFO] [main] - Total no of case: 4
18:09:33 [ INFO] [main] - Initialization Report
18:09:34 [ INFO] [main] - Report Initialization Successfull
18:09:34 [ INFO] [main] - Initializing Screenshot path
18:09:34 [ INFO] [main] - Report Initialization Successfull
18:09:34 [ INFO] [main] -   TC#1  No
18:09:34 [ INFO] [main] -   TC#2  No
18:09:34 [ INFO] [main] -   TC#3  No
18:09:34 [ INFO] [main] -   TC#4  Yes
18:09:35 [ INFO] [main] - Starting Test Case TC#4
18:09:35 [ INFO] [main] - Test Case Data
18:09:35 [ INFO] [main] -   Agent Console  New Application  Click  SKIP
18:09:35 [ INFO] [main] - Test Case Data
18:09:35 [ INFO] [main] -   New Application  Plan Type  Click  SKIP
18:09:35 [ INFO] [main] - Test Case Data
18:09:35 [ INFO] [main] -   New Application  Quote  Click  SKIP
18:09:35 [ INFO] [main] - Test Case Data
18:09:35 [ INFO] [main] -   Quote  First Name  SetValue  SKIP
18:09:35 [ INFO] [main] - Test Case Data
18:09:35 [ INFO] [main] -   Quote  First Name  VerifyClientMessage  SKIP
18:09:35 [ INFO] [main] - Test Case Data
18:09:35 [ INFO] [main] -   Quote  MI  SetValue  SKIP
18:09:36 [ INFO] [main] - Test Case Data
18:09:36 [ INFO] [main] -   Quote  Last Name  SetValue  SKIP
18:09:36 [ INFO] [main] - Test Case Data
18:09:36 [ INFO] [main] -   Quote  Last Name  VerifyClientMessage  SKIP
18:09:36 [ INFO] [main] - Test Case Data
18:09:36 [ INFO] [main] -   Quote  Suffix  SetValue  SKIP
18:09:36 [ INFO] [main] - Test Case Data
18:09:36 [ INFO] [main] -   Quote  Application Jurisdiction  SetValue  SKIP
18:09:36 [ INFO] [main] - Test Case Data
18:09:36 [ INFO] [main] -   Quote  Save Age  SetValue  SKIP
18:09:36 [ INFO] [main] - Test Case Data
18:09:36 [ INFO] [main] -   Quote  Requested Policy Effective Date  SetValue  SKIP
18:09:36 [ INFO] [main] - Test Case Data
18:09:36 [ INFO] [main] -   Quote  DOB  SetValue  SKIP
18:09:36 [ INFO] [main] - Test Case Data
18:09:36 [ INFO] [main] -   Quote  Age  GetValue  SKIP
18:09:36 [ INFO] [main] - Test Case Data
18:09:36 [ INFO] [main] -   Quote  Gender  SetValue  SKIP
18:09:37 [ INFO] [main] - Test Case Data
18:09:37 [ INFO] [main] -   Quote  Tobacco User  SetValue  SKIP
18:09:37 [ INFO] [main] - Test Case Data
18:09:37 [ INFO] [main] -   Quote  Coverage Amount  SetValue  SKIP
18:09:37 [ INFO] [main] - Test Case Data
18:09:37 [ INFO] [main] -   Quote  Risk Classification Applied For  SetValue  SKIP
18:09:37 [ INFO] [main] - Test Case Data
18:09:37 [ INFO] [main] -   Quote  Billing Frequency  SetValue  SKIP
18:09:37 [ INFO] [main] - Test Case Data
18:09:37 [ INFO] [main] -   Quote  ADB Rider  SetValue  SKIP
18:09:37 [ INFO] [main] - Test Case Data
18:09:37 [ INFO] [main] -   Quote  ADB Amount  SetValue  SKIP
18:09:37 [ INFO] [main] - Test Case Data
18:09:37 [ INFO] [main] -   Quote  WOP Rider  SetValue  SKIP
18:09:37 [ INFO] [main] - Test Case Data
18:09:37 [ INFO] [main] -   Quote  Child Rider  SetValue  SKIP
18:09:37 [ INFO] [main] - Test Case Data
18:09:37 [ INFO] [main] -   Quote  Same Payor Discount  SetValue  SKIP
18:09:37 [ INFO] [main] - Test Case Data
18:09:37 [ INFO] [main] -   Quote  Employee Discount  SetValue  SKIP
18:09:37 [ INFO] [main] - Test Case Data
18:09:37 [ INFO] [main] -   Quote  Association Discount  SetValue  SKIP
18:09:37 [ INFO] [main] - Test Case Data
18:09:37 [ INFO] [main] -   Quote  Quote  Click  SKIP
18:09:37 [ INFO] [main] - Test Case Data
18:09:37 [ INFO] [main] -   Quote  Risk Classification Applied For  GetValue  SKIP
18:09:37 [ INFO] [main] - Test Case Data
18:09:37 [ INFO] [main] -   Quote  ADB Rider  GetValue  SKIP
18:09:37 [ INFO] [main] - Test Case Data
18:09:37 [ INFO] [main] -   Quote  ADB Amount  GetValue  SKIP
18:09:38 [ INFO] [main] - Test Case Data
18:09:38 [ INFO] [main] -   Quote  DOB  GetValue  SKIP
18:09:38 [ INFO] [main] - Test Case Data
18:09:38 [ INFO] [main] -   Quote  Tobacco User  GetValue  SKIP
18:09:38 [ INFO] [main] - Test Case Data
18:09:38 [ INFO] [main] -   Quote  Save Age  GetValue  SKIP
18:09:38 [ INFO] [main] - Test Case Data
18:09:38 [ INFO] [main] -   Quote  Same Payor Discount  GetValue  SKIP
18:09:38 [ INFO] [main] - Test Case Data
18:09:38 [ INFO] [main] -   Quote  Start New Application  Click  SKIP
18:09:38 [ INFO] [main] - Test Case Data
18:09:38 [ INFO] [main] -   Getting Started  Gender  SetValue  SKIP
18:09:38 [ INFO] [main] - Test Case Data
18:09:38 [ INFO] [main] -   Getting Started  Policy Number  GetValue  SKIP
18:09:38 [ INFO] [main] - Test Case Data
18:09:38 [ INFO] [main] -   Getting Started  Next  Click  SKIP
18:09:38 [ INFO] [main] - Test Case Data
18:09:38 [ INFO] [main] -   Agent Console  In Progress  Click  
18:09:39 [ERROR] [main] - Error in getting Client_Side_Message_Identifier in getLocators in ReadPageManager Class
18:09:39 [ERROR] [main] - java.lang.NullPointerException
18:09:39 [ERROR] [main] - Error in getting Client_Side_Message_Locator in getLocators in ReadPageManager Class
18:09:39 [ERROR] [main] - java.lang.NullPointerException
18:09:39 [ INFO] [main] - Locator for In Progress in page Agent Console
18:09:39 [ INFO] [main] -   Button  xpath  //li[@class='inProgress']/a    
18:09:41 [ INFO] [main] - Test Case Data
18:09:41 [ INFO] [main] -   In Progress  Status  GetValue  In Progress
18:09:41 [ERROR] [main] - Error in getting Client_Side_Message_Identifier in getLocators in ReadPageManager Class
18:09:41 [ERROR] [main] - java.lang.NullPointerException
18:09:41 [ERROR] [main] - Error in getting Client_Side_Message_Locator in getLocators in ReadPageManager Class
18:09:41 [ERROR] [main] - java.lang.NullPointerException
18:09:41 [ INFO] [main] - Locator for Status in page In Progress
18:09:41 [ INFO] [main] -   Label  xpath  //td[@aria-describedby='list2_policyNumber' and text()='+PolicyNumber+']/following-sibling::td[@aria-describedby='list2_status']    
18:10:14 [ERROR] [main] - Error in getValue for field type 'Label' and row id (41,6) in FunctionLibrary class
18:10:14 [ERROR] [main] - org.openqa.selenium.TimeoutException: Expected condition failed: waiting for visibility of element located by By.xpath: //td[@aria-describedby='list2_policyNumber' and text()='In Progress']/following-sibling::td[@aria-describedby='list2_status'] (tried for 30 second(s) with 500 milliseconds interval)
18:10:15 [ INFO] [main] - Test Case Data
18:10:15 [ INFO] [main] -   In Progress  Client Name  Click  CT10005346
18:10:15 [ERROR] [main] - Error in getting Client_Side_Message_Identifier in getLocators in ReadPageManager Class
18:10:15 [ERROR] [main] - java.lang.NullPointerException
18:10:15 [ERROR] [main] - Error in getting Client_Side_Message_Locator in getLocators in ReadPageManager Class
18:10:15 [ERROR] [main] - java.lang.NullPointerException
18:10:15 [ INFO] [main] - Locator for Client Name in page In Progress
18:10:15 [ INFO] [main] -   Button  xpath  //td[@aria-describedby='list2_policyNumber' and text()='+PolicyNumber+']/preceding-sibling::td[@aria-describedby='list2_clientName']    
18:10:16 [ INFO] [main] - Execution Completed for Test Case TC#4
18:10:17 [ INFO] [main] - Report Building Completed
18:10:17 [ INFO] [main] - Reporfiming Logout
18:10:19 [ INFO] [main] - Logout Successfull
18:16:11 [ INFO] [main] - Initializing Browser for Automation
18:16:34 [ INFO] [main] - Browser Initialization Successfull
18:16:36 [ INFO] [main] - Total no of case: 4
18:16:37 [ INFO] [main] - Initialization Report
18:16:37 [ INFO] [main] - Report Initialization Successfull
18:16:37 [ INFO] [main] - Initializing Screenshot path
18:16:37 [ INFO] [main] - Report Initialization Successfull
18:16:37 [ INFO] [main] -   TC#1  No
18:16:37 [ INFO] [main] -   TC#2  No
18:16:37 [ INFO] [main] -   TC#3  No
18:16:38 [ INFO] [main] -   TC#4  Yes
18:16:38 [ INFO] [main] - Starting Test Case TC#4
18:16:38 [ INFO] [main] - Test Case Data
18:16:38 [ INFO] [main] -   Agent Console  New Application  Click  SKIP
18:16:38 [ INFO] [main] - Test Case Data
18:16:38 [ INFO] [main] -   New Application  Plan Type  Click  SKIP
18:16:38 [ INFO] [main] - Test Case Data
18:16:38 [ INFO] [main] -   New Application  Quote  Click  SKIP
18:16:38 [ INFO] [main] - Test Case Data
18:16:38 [ INFO] [main] -   Quote  First Name  SetValue  SKIP
18:16:38 [ INFO] [main] - Test Case Data
18:16:38 [ INFO] [main] -   Quote  First Name  VerifyClientMessage  SKIP
18:16:38 [ INFO] [main] - Test Case Data
18:16:38 [ INFO] [main] -   Quote  MI  SetValue  SKIP
18:16:38 [ INFO] [main] - Test Case Data
18:16:38 [ INFO] [main] -   Quote  Last Name  SetValue  SKIP
18:16:39 [ INFO] [main] - Test Case Data
18:16:39 [ INFO] [main] -   Quote  Last Name  VerifyClientMessage  SKIP
18:16:39 [ INFO] [main] - Test Case Data
18:16:39 [ INFO] [main] -   Quote  Suffix  SetValue  SKIP
18:16:39 [ INFO] [main] - Test Case Data
18:16:39 [ INFO] [main] -   Quote  Application Jurisdiction  SetValue  SKIP
18:16:39 [ INFO] [main] - Test Case Data
18:16:39 [ INFO] [main] -   Quote  Save Age  SetValue  SKIP
18:16:39 [ INFO] [main] - Test Case Data
18:16:39 [ INFO] [main] -   Quote  Requested Policy Effective Date  SetValue  SKIP
18:16:39 [ INFO] [main] - Test Case Data
18:16:39 [ INFO] [main] -   Quote  DOB  SetValue  SKIP
18:16:39 [ INFO] [main] - Test Case Data
18:16:39 [ INFO] [main] -   Quote  Age  GetValue  SKIP
18:16:39 [ INFO] [main] - Test Case Data
18:16:39 [ INFO] [main] -   Quote  Gender  SetValue  SKIP
18:16:39 [ INFO] [main] - Test Case Data
18:16:39 [ INFO] [main] -   Quote  Tobacco User  SetValue  SKIP
18:16:40 [ INFO] [main] - Test Case Data
18:16:40 [ INFO] [main] -   Quote  Coverage Amount  SetValue  SKIP
18:16:40 [ INFO] [main] - Test Case Data
18:16:40 [ INFO] [main] -   Quote  Risk Classification Applied For  SetValue  SKIP
18:16:40 [ INFO] [main] - Test Case Data
18:16:40 [ INFO] [main] -   Quote  Billing Frequency  SetValue  SKIP
18:16:40 [ INFO] [main] - Test Case Data
18:16:40 [ INFO] [main] -   Quote  ADB Rider  SetValue  SKIP
18:16:40 [ INFO] [main] - Test Case Data
18:16:40 [ INFO] [main] -   Quote  ADB Amount  SetValue  SKIP
18:16:40 [ INFO] [main] - Test Case Data
18:16:40 [ INFO] [main] -   Quote  WOP Rider  SetValue  SKIP
18:16:40 [ INFO] [main] - Test Case Data
18:16:40 [ INFO] [main] -   Quote  Child Rider  SetValue  SKIP
18:16:40 [ INFO] [main] - Test Case Data
18:16:40 [ INFO] [main] -   Quote  Same Payor Discount  SetValue  SKIP
18:16:40 [ INFO] [main] - Test Case Data
18:16:40 [ INFO] [main] -   Quote  Employee Discount  SetValue  SKIP
18:16:40 [ INFO] [main] - Test Case Data
18:16:40 [ INFO] [main] -   Quote  Association Discount  SetValue  SKIP
18:16:40 [ INFO] [main] - Test Case Data
18:16:40 [ INFO] [main] -   Quote  Quote  Click  SKIP
18:16:40 [ INFO] [main] - Test Case Data
18:16:40 [ INFO] [main] -   Quote  Risk Classification Applied For  GetValue  SKIP
18:16:40 [ INFO] [main] - Test Case Data
18:16:40 [ INFO] [main] -   Quote  ADB Rider  GetValue  SKIP
18:16:40 [ INFO] [main] - Test Case Data
18:16:40 [ INFO] [main] -   Quote  ADB Amount  GetValue  SKIP
18:16:41 [ INFO] [main] - Test Case Data
18:16:41 [ INFO] [main] -   Quote  DOB  GetValue  SKIP
18:16:41 [ INFO] [main] - Test Case Data
18:16:41 [ INFO] [main] -   Quote  Tobacco User  GetValue  SKIP
18:16:41 [ INFO] [main] - Test Case Data
18:16:41 [ INFO] [main] -   Quote  Save Age  GetValue  SKIP
18:16:41 [ INFO] [main] - Test Case Data
18:16:41 [ INFO] [main] -   Quote  Same Payor Discount  GetValue  SKIP
18:16:41 [ INFO] [main] - Test Case Data
18:16:41 [ INFO] [main] -   Quote  Start New Application  Click  SKIP
18:16:41 [ INFO] [main] - Test Case Data
18:16:41 [ INFO] [main] -   Getting Started  Gender  SetValue  SKIP
18:16:41 [ INFO] [main] - Test Case Data
18:16:41 [ INFO] [main] -   Getting Started  Policy Number  GetValue  SKIP
18:16:41 [ INFO] [main] - Test Case Data
18:16:41 [ INFO] [main] -   Getting Started  Next  Click  SKIP
18:16:41 [ INFO] [main] - Test Case Data
18:16:41 [ INFO] [main] -   Agent Console  In Progress  Click  
18:16:42 [ERROR] [main] - Error in getting Client_Side_Message_Identifier in getLocators in ReadPageManager Class
18:16:42 [ERROR] [main] - java.lang.NullPointerException
18:16:42 [ERROR] [main] - Error in getting Client_Side_Message_Locator in getLocators in ReadPageManager Class
18:16:42 [ERROR] [main] - java.lang.NullPointerException
18:16:42 [ INFO] [main] - Locator for In Progress in page Agent Console
18:16:42 [ INFO] [main] -   Button  xpath  //li[@class='inProgress']/a    
18:16:44 [ INFO] [main] - Test Case Data
18:16:44 [ INFO] [main] -   In Progress  Status  GetValue  In Progress
18:16:44 [ERROR] [main] - Error in getting Client_Side_Message_Identifier in getLocators in ReadPageManager Class
18:16:44 [ERROR] [main] - java.lang.NullPointerException
18:16:44 [ERROR] [main] - Error in getting Client_Side_Message_Locator in getLocators in ReadPageManager Class
18:16:44 [ERROR] [main] - java.lang.NullPointerException
18:16:44 [ INFO] [main] - Locator for Status in page In Progress
18:16:44 [ INFO] [main] -   Label  xpath  //td[@aria-describedby='list2_policyNumber' and text()='+PolicyNumber+']/following-sibling::td[@aria-describedby='list2_status']    
18:17:17 [ERROR] [main] - Error in getValue for field type 'Label' and row id (41,6) in FunctionLibrary class
18:17:17 [ERROR] [main] - org.openqa.selenium.TimeoutException: Expected condition failed: waiting for visibility of element located by By.xpath: //td[@aria-describedby='list2_policyNumber' and text()='In Progress']/following-sibling::td[@aria-describedby='list2_status'] (tried for 30 second(s) with 500 milliseconds interval)
18:17:18 [ INFO] [main] - Test Case Data
18:17:18 [ INFO] [main] -   In Progress  Client Name  Click  CT10005346
18:17:18 [ERROR] [main] - Error in getting Client_Side_Message_Identifier in getLocators in ReadPageManager Class
18:17:18 [ERROR] [main] - java.lang.NullPointerException
18:17:18 [ERROR] [main] - Error in getting Client_Side_Message_Locator in getLocators in ReadPageManager Class
18:17:18 [ERROR] [main] - java.lang.NullPointerException
18:17:18 [ INFO] [main] - Locator for Client Name in page In Progress
18:17:18 [ INFO] [main] -   Button  xpath  //td[@aria-describedby='list2_policyNumber' and text()='+PolicyNumber+']/preceding-sibling::td[@aria-describedby='list2_clientName']    
18:17:19 [ INFO] [main] - Execution Completed for Test Case TC#4
18:17:20 [ INFO] [main] - Report Building Completed
18:17:20 [ INFO] [main] - Reporfiming Logout
18:17:22 [ INFO] [main] - Logout Successfull
18:18:28 [ INFO] [main] - Initializing Browser for Automation
18:18:42 [ INFO] [main] - Browser Initialization Successfull
18:18:46 [ INFO] [main] - Total no of case: 4
18:18:46 [ INFO] [main] - Initialization Report
18:18:46 [ INFO] [main] - Report Initialization Successfull
18:18:46 [ INFO] [main] - Initializing Screenshot path
18:18:46 [ INFO] [main] - Report Initialization Successfull
18:18:46 [ INFO] [main] -   TC#1  No
18:18:46 [ INFO] [main] -   TC#2  No
18:18:47 [ INFO] [main] -   TC#3  No
18:18:47 [ INFO] [main] -   TC#4  Yes
18:18:47 [ INFO] [main] - Starting Test Case TC#4
18:18:47 [ INFO] [main] - Test Case Data
18:18:47 [ INFO] [main] -   Agent Console  New Application  Click  SKIP
18:18:47 [ INFO] [main] - Test Case Data
18:18:47 [ INFO] [main] -   New Application  Plan Type  Click  SKIP
18:18:47 [ INFO] [main] - Test Case Data
18:18:47 [ INFO] [main] -   New Application  Quote  Click  SKIP
18:18:47 [ INFO] [main] - Test Case Data
18:18:47 [ INFO] [main] -   Quote  First Name  SetValue  SKIP
18:18:47 [ INFO] [main] - Test Case Data
18:18:47 [ INFO] [main] -   Quote  First Name  VerifyClientMessage  SKIP
18:18:48 [ INFO] [main] - Test Case Data
18:18:48 [ INFO] [main] -   Quote  MI  SetValue  SKIP
18:18:48 [ INFO] [main] - Test Case Data
18:18:48 [ INFO] [main] -   Quote  Last Name  SetValue  SKIP
18:18:48 [ INFO] [main] - Test Case Data
18:18:48 [ INFO] [main] -   Quote  Last Name  VerifyClientMessage  SKIP
18:18:48 [ INFO] [main] - Test Case Data
18:18:48 [ INFO] [main] -   Quote  Suffix  SetValue  SKIP
18:18:48 [ INFO] [main] - Test Case Data
18:18:48 [ INFO] [main] -   Quote  Application Jurisdiction  SetValue  SKIP
18:18:48 [ INFO] [main] - Test Case Data
18:18:48 [ INFO] [main] -   Quote  Save Age  SetValue  SKIP
18:18:49 [ INFO] [main] - Test Case Data
18:18:49 [ INFO] [main] -   Quote  Requested Policy Effective Date  SetValue  SKIP
18:18:49 [ INFO] [main] - Test Case Data
18:18:49 [ INFO] [main] -   Quote  DOB  SetValue  SKIP
18:18:49 [ INFO] [main] - Test Case Data
18:18:49 [ INFO] [main] -   Quote  Age  GetValue  SKIP
18:18:49 [ INFO] [main] - Test Case Data
18:18:49 [ INFO] [main] -   Quote  Gender  SetValue  SKIP
18:18:49 [ INFO] [main] - Test Case Data
18:18:49 [ INFO] [main] -   Quote  Tobacco User  SetValue  SKIP
18:18:49 [ INFO] [main] - Test Case Data
18:18:49 [ INFO] [main] -   Quote  Coverage Amount  SetValue  SKIP
18:18:49 [ INFO] [main] - Test Case Data
18:18:49 [ INFO] [main] -   Quote  Risk Classification Applied For  SetValue  SKIP
18:18:50 [ INFO] [main] - Test Case Data
18:18:50 [ INFO] [main] -   Quote  Billing Frequency  SetValue  SKIP
18:18:50 [ INFO] [main] - Test Case Data
18:18:50 [ INFO] [main] -   Quote  ADB Rider  SetValue  SKIP
18:18:50 [ INFO] [main] - Test Case Data
18:18:50 [ INFO] [main] -   Quote  ADB Amount  SetValue  SKIP
18:18:50 [ INFO] [main] - Test Case Data
18:18:50 [ INFO] [main] -   Quote  WOP Rider  SetValue  SKIP
18:18:50 [ INFO] [main] - Test Case Data
18:18:50 [ INFO] [main] -   Quote  Child Rider  SetValue  SKIP
18:18:50 [ INFO] [main] - Test Case Data
18:18:50 [ INFO] [main] -   Quote  Same Payor Discount  SetValue  SKIP
18:18:50 [ INFO] [main] - Test Case Data
18:18:50 [ INFO] [main] -   Quote  Employee Discount  SetValue  SKIP
18:18:50 [ INFO] [main] - Test Case Data
18:18:50 [ INFO] [main] -   Quote  Association Discount  SetValue  SKIP
18:18:50 [ INFO] [main] - Test Case Data
18:18:50 [ INFO] [main] -   Quote  Quote  Click  SKIP
18:18:50 [ INFO] [main] - Test Case Data
18:18:50 [ INFO] [main] -   Quote  Risk Classification Applied For  GetValue  SKIP
18:18:50 [ INFO] [main] - Test Case Data
18:18:50 [ INFO] [main] -   Quote  ADB Rider  GetValue  SKIP
18:18:50 [ INFO] [main] - Test Case Data
18:18:50 [ INFO] [main] -   Quote  ADB Amount  GetValue  SKIP
18:18:50 [ INFO] [main] - Test Case Data
18:18:50 [ INFO] [main] -   Quote  DOB  GetValue  SKIP
18:18:51 [ INFO] [main] - Test Case Data
18:18:51 [ INFO] [main] -   Quote  Tobacco User  GetValue  SKIP
18:18:51 [ INFO] [main] - Test Case Data
18:18:51 [ INFO] [main] -   Quote  Save Age  GetValue  SKIP
18:18:51 [ INFO] [main] - Test Case Data
18:18:51 [ INFO] [main] -   Quote  Same Payor Discount  GetValue  SKIP
18:18:51 [ INFO] [main] - Test Case Data
18:18:51 [ INFO] [main] -   Quote  Start New Application  Click  SKIP
18:18:51 [ INFO] [main] - Test Case Data
18:18:51 [ INFO] [main] -   Getting Started  Gender  SetValue  SKIP
18:18:51 [ INFO] [main] - Test Case Data
18:18:51 [ INFO] [main] -   Getting Started  Policy Number  GetValue  SKIP
18:18:51 [ INFO] [main] - Test Case Data
18:18:51 [ INFO] [main] -   Getting Started  Next  Click  SKIP
18:18:51 [ INFO] [main] - Test Case Data
18:18:51 [ INFO] [main] -   Agent Console  In Progress  Click  
18:18:51 [ERROR] [main] - Error in getting Client_Side_Message_Identifier in getLocators in ReadPageManager Class
18:18:51 [ERROR] [main] - java.lang.NullPointerException
18:18:51 [ERROR] [main] - Error in getting Client_Side_Message_Locator in getLocators in ReadPageManager Class
18:18:51 [ERROR] [main] - java.lang.NullPointerException
18:18:51 [ INFO] [main] - Locator for In Progress in page Agent Console
18:18:51 [ INFO] [main] -   Button  xpath  //li[@class='inProgress']/a    
18:18:54 [ INFO] [main] - Test Case Data
18:18:54 [ INFO] [main] -   In Progress  Status  GetValue  CT10005346
18:18:54 [ERROR] [main] - Error in getting Client_Side_Message_Identifier in getLocators in ReadPageManager Class
18:18:54 [ERROR] [main] - java.lang.NullPointerException
18:18:54 [ERROR] [main] - Error in getting Client_Side_Message_Locator in getLocators in ReadPageManager Class
18:18:54 [ERROR] [main] - java.lang.NullPointerException
18:18:54 [ INFO] [main] - Locator for Status in page In Progress
18:18:54 [ INFO] [main] -   Label  xpath  //td[@aria-describedby='list2_policyNumber' and text()='+PolicyNumber+']/following-sibling::td[@aria-describedby='list2_status']    
18:18:55 [ INFO] [main] - Writing test data 'In Progress' into cell (41,6)
18:18:55 [ INFO] [main] - Test Case Data
18:18:55 [ INFO] [main] -   In Progress  Client Name  Click  CT10005346
18:18:56 [ERROR] [main] - Error in getting Client_Side_Message_Identifier in getLocators in ReadPageManager Class
18:18:56 [ERROR] [main] - java.lang.NullPointerException
18:18:56 [ERROR] [main] - Error in getting Client_Side_Message_Locator in getLocators in ReadPageManager Class
18:18:56 [ERROR] [main] - java.lang.NullPointerException
18:18:56 [ INFO] [main] - Locator for Client Name in page In Progress
18:18:56 [ INFO] [main] -   Button  xpath  //td[@aria-describedby='list2_policyNumber' and text()='+PolicyNumber+']/preceding-sibling::td[@aria-describedby='list2_clientName']    
18:18:56 [ INFO] [main] - Execution Completed for Test Case TC#4
18:18:57 [ INFO] [main] - Report Building Completed
18:18:57 [ INFO] [main] - Reporfiming Logout
18:19:00 [ INFO] [main] - Logout Successfull
19:33:57 [ INFO] [main] - Initializing Browser for Automation
19:34:13 [ INFO] [main] - Browser Initialization Successfull
19:34:16 [ INFO] [main] - Total no of case: 4
19:34:17 [ INFO] [main] - Initialization Report
19:34:17 [ INFO] [main] - Report Initialization Successfull
19:34:17 [ INFO] [main] - Initializing Screenshot path
19:34:17 [ INFO] [main] - Report Initialization Successfull
19:34:17 [ INFO] [main] -   TC#1  No
19:34:17 [ INFO] [main] -   TC#2  No
19:34:18 [ INFO] [main] -   TC#3  No
19:34:18 [ INFO] [main] -   TC#4  Yes
19:34:18 [ INFO] [main] - Starting Test Case TC#4
19:34:18 [ INFO] [main] - Test Case Data
19:34:18 [ INFO] [main] -   Agent Console  New Application  Click  SKIP
19:34:18 [ INFO] [main] - Test Case Data
19:34:18 [ INFO] [main] -   New Application  Plan Type  Click  SKIP
19:34:19 [ INFO] [main] - Test Case Data
19:34:19 [ INFO] [main] -   New Application  Quote  Click  SKIP
19:34:19 [ INFO] [main] - Test Case Data
19:34:19 [ INFO] [main] -   Quote  First Name  SetValue  SKIP
19:34:19 [ INFO] [main] - Test Case Data
19:34:19 [ INFO] [main] -   Quote  First Name  VerifyClientMessage  SKIP
19:34:19 [ INFO] [main] - Test Case Data
19:34:19 [ INFO] [main] -   Quote  MI  SetValue  SKIP
19:34:19 [ INFO] [main] - Test Case Data
19:34:19 [ INFO] [main] -   Quote  Last Name  SetValue  SKIP
19:34:19 [ INFO] [main] - Test Case Data
19:34:19 [ INFO] [main] -   Quote  Last Name  VerifyClientMessage  SKIP
19:34:19 [ INFO] [main] - Test Case Data
19:34:19 [ INFO] [main] -   Quote  Suffix  SetValue  SKIP
19:34:19 [ INFO] [main] - Test Case Data
19:34:19 [ INFO] [main] -   Quote  Application Jurisdiction  SetValue  SKIP
19:34:19 [ INFO] [main] - Test Case Data
19:34:19 [ INFO] [main] -   Quote  Save Age  SetValue  SKIP
19:34:20 [ INFO] [main] - Test Case Data
19:34:20 [ INFO] [main] -   Quote  Requested Policy Effective Date  SetValue  SKIP
19:34:20 [ INFO] [main] - Test Case Data
19:34:20 [ INFO] [main] -   Quote  DOB  SetValue  SKIP
19:34:20 [ INFO] [main] - Test Case Data
19:34:20 [ INFO] [main] -   Quote  Age  GetValue  SKIP
19:34:20 [ INFO] [main] - Test Case Data
19:34:20 [ INFO] [main] -   Quote  Gender  SetValue  SKIP
19:34:20 [ INFO] [main] - Test Case Data
19:34:20 [ INFO] [main] -   Quote  Tobacco User  SetValue  SKIP
19:34:20 [ INFO] [main] - Test Case Data
19:34:20 [ INFO] [main] -   Quote  Coverage Amount  SetValue  SKIP
19:34:20 [ INFO] [main] - Test Case Data
19:34:20 [ INFO] [main] -   Quote  Risk Classification Applied For  SetValue  SKIP
19:34:20 [ INFO] [main] - Test Case Data
19:34:20 [ INFO] [main] -   Quote  Billing Frequency  SetValue  SKIP
19:34:20 [ INFO] [main] - Test Case Data
19:34:20 [ INFO] [main] -   Quote  ADB Rider  SetValue  SKIP
19:34:20 [ INFO] [main] - Test Case Data
19:34:20 [ INFO] [main] -   Quote  ADB Amount  SetValue  SKIP
19:34:21 [ INFO] [main] - Test Case Data
19:34:21 [ INFO] [main] -   Quote  WOP Rider  SetValue  SKIP
19:34:21 [ INFO] [main] - Test Case Data
19:34:21 [ INFO] [main] -   Quote  Child Rider  SetValue  SKIP
19:34:21 [ INFO] [main] - Test Case Data
19:34:21 [ INFO] [main] -   Quote  Same Payor Discount  SetValue  SKIP
19:34:21 [ INFO] [main] - Test Case Data
19:34:21 [ INFO] [main] -   Quote  Employee Discount  SetValue  SKIP
19:34:21 [ INFO] [main] - Test Case Data
19:34:21 [ INFO] [main] -   Quote  Association Discount  SetValue  SKIP
19:34:21 [ INFO] [main] - Test Case Data
19:34:21 [ INFO] [main] -   Quote  Quote  Click  SKIP
19:34:21 [ INFO] [main] - Test Case Data
19:34:21 [ INFO] [main] -   Quote  Risk Classification Applied For  GetValue  SKIP
19:34:21 [ INFO] [main] - Test Case Data
19:34:21 [ INFO] [main] -   Quote  ADB Rider  GetValue  SKIP
19:34:21 [ INFO] [main] - Test Case Data
19:34:21 [ INFO] [main] -   Quote  ADB Amount  GetValue  SKIP
19:34:21 [ INFO] [main] - Test Case Data
19:34:21 [ INFO] [main] -   Quote  DOB  GetValue  SKIP
19:34:21 [ INFO] [main] - Test Case Data
19:34:21 [ INFO] [main] -   Quote  Tobacco User  GetValue  SKIP
19:34:21 [ INFO] [main] - Test Case Data
19:34:21 [ INFO] [main] -   Quote  Save Age  GetValue  SKIP
19:34:21 [ INFO] [main] - Test Case Data
19:34:21 [ INFO] [main] -   Quote  Same Payor Discount  GetValue  SKIP
19:34:21 [ INFO] [main] - Test Case Data
19:34:21 [ INFO] [main] -   Quote  Start New Application  Click  SKIP
19:34:21 [ INFO] [main] - Test Case Data
19:34:21 [ INFO] [main] -   Getting Started  Gender  SetValue  SKIP
19:34:22 [ INFO] [main] - Test Case Data
19:34:22 [ INFO] [main] -   Getting Started  Policy Number  GetValue  SKIP
19:34:22 [ INFO] [main] - Test Case Data
19:34:22 [ INFO] [main] -   Getting Started  Next  Click  SKIP
19:34:22 [ INFO] [main] - Test Case Data
19:34:22 [ INFO] [main] -   Agent Console  In Progress  Click  
19:34:22 [ERROR] [main] - Error in getting Client_Side_Message_Identifier in getLocators in ReadPageManager Class
19:34:22 [ERROR] [main] - java.lang.NullPointerException
19:34:22 [ERROR] [main] - Error in getting Client_Side_Message_Locator in getLocators in ReadPageManager Class
19:34:22 [ERROR] [main] - java.lang.NullPointerException
19:34:22 [ INFO] [main] - Locator for In Progress in page Agent Console
19:34:22 [ INFO] [main] -   Button  xpath  //li[@class='inProgress']/a    
19:34:24 [ INFO] [main] - Test Case Data
19:34:24 [ INFO] [main] -   In Progress  Status  GetValue  CT10005346
19:34:24 [ERROR] [main] - Error in getting Client_Side_Message_Identifier in getLocators in ReadPageManager Class
19:34:24 [ERROR] [main] - java.lang.NullPointerException
19:34:24 [ERROR] [main] - Error in getting Client_Side_Message_Locator in getLocators in ReadPageManager Class
19:34:24 [ERROR] [main] - java.lang.NullPointerException
19:34:24 [ INFO] [main] - Locator for Status in page In Progress
19:34:24 [ INFO] [main] -   Label  xpath  //td[@aria-describedby='list2_policyNumber' and text()='+PolicyNumber+']/following-sibling::td[@aria-describedby='list2_status']    
19:34:25 [ INFO] [main] - Writing test data 'In Progress' into cell (41,6)
19:34:26 [ INFO] [main] - Test Case Data
19:34:26 [ INFO] [main] -   In Progress  Client Name  Click  CT10005346
19:34:26 [ERROR] [main] - Error in getting Client_Side_Message_Identifier in getLocators in ReadPageManager Class
19:34:26 [ERROR] [main] - java.lang.NullPointerException
19:34:26 [ERROR] [main] - Error in getting Client_Side_Message_Locator in getLocators in ReadPageManager Class
19:34:26 [ERROR] [main] - java.lang.NullPointerException
19:34:26 [ INFO] [main] - Locator for Client Name in page In Progress
19:34:26 [ INFO] [main] -   Button  xpath  //td[@aria-describedby='list2_policyNumber' and text()='+PolicyNumber+']/preceding-sibling::td[@aria-describedby='list2_clientName']    
19:34:28 [ INFO] [main] - Test Case Data
19:34:28 [ INFO] [main] -   Getting Started  Producer No  VerifyEnabled  No
19:34:28 [ INFO] [main] - Locator for Producer No in page Getting Started
19:34:28 [ INFO] [main] -   TextBox  name  a_AgentID_AGT1  xpath  //div[@class='validationMsg']/label[@for='a_AgentID_AGT1_getting_started_lifeterm']
19:35:01 [ERROR] [main] - Error in verifyEnabled in FunctionLibrary class
19:35:01 [ERROR] [main] - org.openqa.selenium.TimeoutException: Expected condition failed: waiting for visibility of all elements located by By.name: a_AgentID_AGT1 (tried for 30 second(s) with 500 milliseconds interval)
Build info: version: '3.13.0', revision: '2f0d292', time: '2018-06-25T15:32:19.891Z'
System info: host: 'DXCINDAI694979', ip: '20.201.182.112', os.name: 'Windows 10', os.arch: 'amd64', os.version: '10.0', java.version: '10.0.2'
Driver info: org.openqa.selenium.chrome.ChromeDriver
Capabilities {acceptInsecureCerts: false, acceptSslCerts: false, applicationCacheEnabled: false, browserConnectionEnabled: false, browserName: chrome, chrome: {chromedriverVersion: 2.41.578737 (49da6702b16031..., userDataDir: C:\Users\ssahoo43\AppData\L...}, cssSelectorsEnabled: true, databaseEnabled: false, goog:chromeOptions: {debuggerAddress: localhost:49338}, handlesAlerts: true, hasTouchScreen: false, javascriptEnabled: true, locationContextEnabled: true, mobileEmulationEnabled: false, nativeEvents: true, networkConnectionEnabled: false, pageLoadStrategy: normal, platform: XP, platformName: XP, rotatable: false, setWindowRect: true, takesHeapSnapshot: true, takesScreenshot: true, unexpectedAlertBehaviour: , unhandledPromptBehavior: , version: 68.0.3440.106, webStorageEnabled: true}
Session ID: 8d6dce9beba7f596d5e255936d707a5d
19:35:02 [ INFO] [main] - Test Case Data
19:35:02 [ INFO] [main] -   Getting Started  Substandard Ratings  VerifyVisible  No
19:35:02 [ INFO] [main] - Locator for Substandard Ratings in page Getting Started
19:35:02 [ INFO] [main] -   RadioOption  name  a_SubstandardRatings  xpath  //div[@class='validationMsg']/label[@for='a_SubstandardRatings_getting_started_lifeterm']
19:35:34 [ERROR] [main] - Error in verifyVisible in FunctionLibrary class
19:35:34 [ERROR] [main] - org.openqa.selenium.TimeoutException: Expected condition failed: waiting for presence of any elements located by By.name: a_SubstandardRatings (tried for 30 second(s) with 500 milliseconds interval)
Build info: version: '3.13.0', revision: '2f0d292', time: '2018-06-25T15:32:19.891Z'
System info: host: 'DXCINDAI694979', ip: '20.201.182.112', os.name: 'Windows 10', os.arch: 'amd64', os.version: '10.0', java.version: '10.0.2'
Driver info: org.openqa.selenium.chrome.ChromeDriver
Capabilities {acceptInsecureCerts: false, acceptSslCerts: false, applicationCacheEnabled: false, browserConnectionEnabled: false, browserName: chrome, chrome: {chromedriverVersion: 2.41.578737 (49da6702b16031..., userDataDir: C:\Users\ssahoo43\AppData\L...}, cssSelectorsEnabled: true, databaseEnabled: false, goog:chromeOptions: {debuggerAddress: localhost:49338}, handlesAlerts: true, hasTouchScreen: false, javascriptEnabled: true, locationContextEnabled: true, mobileEmulationEnabled: false, nativeEvents: true, networkConnectionEnabled: false, pageLoadStrategy: normal, platform: XP, platformName: XP, rotatable: false, setWindowRect: true, takesHeapSnapshot: true, takesScreenshot: true, unexpectedAlertBehaviour: , unhandledPromptBehavior: , version: 68.0.3440.106, webStorageEnabled: true}
Session ID: 8d6dce9beba7f596d5e255936d707a5d
19:35:35 [ INFO] [main] - Test Case Data
19:35:35 [ INFO] [main] -   Getting Started  Proposed Insured Date of Birth  VerifyVisible  Yes
19:35:35 [ INFO] [main] - Locator for Proposed Insured Date of Birth in page Getting Started
19:35:35 [ INFO] [main] -   TextBox  name  a_DOB_PINS  xpath  //div[@class='validationMsg']/label[@for='a_DOB_PINS_getting_started_lifeterm']
19:38:45 [ INFO] [main] - Initializing Browser for Automation
19:39:00 [ INFO] [main] - Browser Initialization Successfull
19:39:03 [ INFO] [main] - Total no of case: 4
19:39:03 [ INFO] [main] - Initialization Report
19:39:03 [ INFO] [main] - Report Initialization Successfull
19:39:03 [ INFO] [main] - Initializing Screenshot path
19:39:03 [ INFO] [main] - Report Initialization Successfull
19:39:03 [ INFO] [main] -   TC#1  No
19:39:03 [ INFO] [main] -   TC#2  No
19:39:03 [ INFO] [main] -   TC#3  No
19:39:04 [ INFO] [main] -   TC#4  Yes
19:39:04 [ INFO] [main] - Starting Test Case TC#4
19:39:04 [ INFO] [main] - Test Case Data
19:39:04 [ INFO] [main] -   Agent Console  New Application  Click  SKIP
19:39:04 [ INFO] [main] - Test Case Data
19:39:04 [ INFO] [main] -   New Application  Plan Type  Click  SKIP
19:39:04 [ INFO] [main] - Test Case Data
19:39:04 [ INFO] [main] -   New Application  Quote  Click  SKIP
19:39:04 [ INFO] [main] - Test Case Data
19:39:04 [ INFO] [main] -   Quote  First Name  SetValue  SKIP
19:39:05 [ INFO] [main] - Test Case Data
19:39:05 [ INFO] [main] -   Quote  First Name  VerifyClientMessage  SKIP
19:39:05 [ INFO] [main] - Test Case Data
19:39:05 [ INFO] [main] -   Quote  MI  SetValue  SKIP
19:39:05 [ INFO] [main] - Test Case Data
19:39:05 [ INFO] [main] -   Quote  Last Name  SetValue  SKIP
19:39:05 [ INFO] [main] - Test Case Data
19:39:05 [ INFO] [main] -   Quote  Last Name  VerifyClientMessage  SKIP
19:39:05 [ INFO] [main] - Test Case Data
19:39:05 [ INFO] [main] -   Quote  Suffix  SetValue  SKIP
19:39:05 [ INFO] [main] - Test Case Data
19:39:05 [ INFO] [main] -   Quote  Application Jurisdiction  SetValue  SKIP
19:39:05 [ INFO] [main] - Test Case Data
19:39:05 [ INFO] [main] -   Quote  Save Age  SetValue  SKIP
19:39:05 [ INFO] [main] - Test Case Data
19:39:05 [ INFO] [main] -   Quote  Requested Policy Effective Date  SetValue  SKIP
19:39:06 [ INFO] [main] - Test Case Data
19:39:06 [ INFO] [main] -   Quote  DOB  SetValue  SKIP
19:39:06 [ INFO] [main] - Test Case Data
19:39:06 [ INFO] [main] -   Quote  Age  GetValue  SKIP
19:39:06 [ INFO] [main] - Test Case Data
19:39:06 [ INFO] [main] -   Quote  Gender  SetValue  SKIP
19:39:06 [ INFO] [main] - Test Case Data
19:39:06 [ INFO] [main] -   Quote  Tobacco User  SetValue  SKIP
19:39:06 [ INFO] [main] - Test Case Data
19:39:06 [ INFO] [main] -   Quote  Coverage Amount  SetValue  SKIP
19:39:06 [ INFO] [main] - Test Case Data
19:39:06 [ INFO] [main] -   Quote  Risk Classification Applied For  SetValue  SKIP
19:39:06 [ INFO] [main] - Test Case Data
19:39:06 [ INFO] [main] -   Quote  Billing Frequency  SetValue  SKIP
19:39:06 [ INFO] [main] - Test Case Data
19:39:06 [ INFO] [main] -   Quote  ADB Rider  SetValue  SKIP
19:39:06 [ INFO] [main] - Test Case Data
19:39:06 [ INFO] [main] -   Quote  ADB Amount  SetValue  SKIP
19:39:06 [ INFO] [main] - Test Case Data
19:39:06 [ INFO] [main] -   Quote  WOP Rider  SetValue  SKIP
19:39:06 [ INFO] [main] - Test Case Data
19:39:06 [ INFO] [main] -   Quote  Child Rider  SetValue  SKIP
19:39:06 [ INFO] [main] - Test Case Data
19:39:06 [ INFO] [main] -   Quote  Same Payor Discount  SetValue  SKIP
19:39:06 [ INFO] [main] - Test Case Data
19:39:06 [ INFO] [main] -   Quote  Employee Discount  SetValue  SKIP
19:39:07 [ INFO] [main] - Test Case Data
19:39:07 [ INFO] [main] -   Quote  Association Discount  SetValue  SKIP
19:39:07 [ INFO] [main] - Test Case Data
19:39:07 [ INFO] [main] -   Quote  Quote  Click  SKIP
19:39:07 [ INFO] [main] - Test Case Data
19:39:07 [ INFO] [main] -   Quote  Risk Classification Applied For  GetValue  SKIP
19:39:07 [ INFO] [main] - Test Case Data
19:39:07 [ INFO] [main] -   Quote  ADB Rider  GetValue  SKIP
19:39:07 [ INFO] [main] - Test Case Data
19:39:07 [ INFO] [main] -   Quote  ADB Amount  GetValue  SKIP
19:39:07 [ INFO] [main] - Test Case Data
19:39:07 [ INFO] [main] -   Quote  DOB  GetValue  SKIP
19:39:07 [ INFO] [main] - Test Case Data
19:39:07 [ INFO] [main] -   Quote  Tobacco User  GetValue  SKIP
19:39:07 [ INFO] [main] - Test Case Data
19:39:07 [ INFO] [main] -   Quote  Save Age  GetValue  SKIP
19:39:07 [ INFO] [main] - Test Case Data
19:39:07 [ INFO] [main] -   Quote  Same Payor Discount  GetValue  SKIP
19:39:07 [ INFO] [main] - Test Case Data
19:39:07 [ INFO] [main] -   Quote  Start New Application  Click  SKIP
19:39:07 [ INFO] [main] - Test Case Data
19:39:07 [ INFO] [main] -   Getting Started  Gender  SetValue  SKIP
19:39:07 [ INFO] [main] - Test Case Data
19:39:07 [ INFO] [main] -   Getting Started  Policy Number  GetValue  SKIP
19:39:07 [ INFO] [main] - Test Case Data
19:39:07 [ INFO] [main] -   Getting Started  Next  Click  SKIP
19:39:07 [ INFO] [main] - Test Case Data
19:39:07 [ INFO] [main] -   Agent Console  In Progress  Click  
19:39:08 [ERROR] [main] - Error in getting Client_Side_Message_Identifier in getLocators in ReadPageManager Class
19:39:08 [ERROR] [main] - java.lang.NullPointerException
19:39:08 [ERROR] [main] - Error in getting Client_Side_Message_Locator in getLocators in ReadPageManager Class
19:39:08 [ERROR] [main] - java.lang.NullPointerException
19:39:08 [ INFO] [main] - Locator for In Progress in page Agent Console
19:39:08 [ INFO] [main] -   Button  xpath  //li[@class='inProgress']/a    
19:39:10 [ INFO] [main] - Test Case Data
19:39:10 [ INFO] [main] -   In Progress  Status  GetValue  In Progress
19:39:10 [ERROR] [main] - Error in getting Client_Side_Message_Identifier in getLocators in ReadPageManager Class
19:39:10 [ERROR] [main] - java.lang.NullPointerException
19:39:10 [ERROR] [main] - Error in getting Client_Side_Message_Locator in getLocators in ReadPageManager Class
19:39:10 [ERROR] [main] - java.lang.NullPointerException
19:39:10 [ INFO] [main] - Locator for Status in page In Progress
19:39:10 [ INFO] [main] -   Label  xpath  //td[@aria-describedby='list2_policyNumber' and text()='+PolicyNumber+']/following-sibling::td[@aria-describedby='list2_status']    
19:39:43 [ERROR] [main] - Error in getValue for field type 'Label' and row id (41,6) in FunctionLibrary class
19:39:43 [ERROR] [main] - org.openqa.selenium.TimeoutException: Expected condition failed: waiting for visibility of element located by By.xpath: //td[@aria-describedby='list2_policyNumber' and text()='In Progress']/following-sibling::td[@aria-describedby='list2_status'] (tried for 30 second(s) with 500 milliseconds interval)
19:39:44 [ INFO] [main] - Test Case Data
19:39:44 [ INFO] [main] -   In Progress  Client Name  Click  CT10005346
19:39:44 [ERROR] [main] - Error in getting Client_Side_Message_Identifier in getLocators in ReadPageManager Class
19:39:44 [ERROR] [main] - java.lang.NullPointerException
19:39:44 [ERROR] [main] - Error in getting Client_Side_Message_Locator in getLocators in ReadPageManager Class
19:39:44 [ERROR] [main] - java.lang.NullPointerException
19:39:44 [ INFO] [main] - Locator for Client Name in page In Progress
19:39:44 [ INFO] [main] -   Button  xpath  //td[@aria-describedby='list2_policyNumber' and text()='+PolicyNumber+']/preceding-sibling::td[@aria-describedby='list2_clientName']/a    
19:39:46 [ INFO] [main] - Test Case Data
19:39:46 [ INFO] [main] -   Getting Started  Producer No  VerifyEnabled  No
19:39:46 [ INFO] [main] - Locator for Producer No in page Getting Started
19:39:46 [ INFO] [main] -   TextBox  name  a_AgentID_AGT1  xpath  //div[@class='validationMsg']/label[@for='a_AgentID_AGT1_getting_started_lifeterm']
19:39:50 [ INFO] [main] - Test Case Data
19:39:50 [ INFO] [main] -   Getting Started  Substandard Ratings  VerifyVisible  No
19:39:50 [ INFO] [main] - Locator for Substandard Ratings in page Getting Started
19:39:50 [ INFO] [main] -   RadioOption  name  a_SubstandardRatings  xpath  //div[@class='validationMsg']/label[@for='a_SubstandardRatings_getting_started_lifeterm']
19:39:51 [ INFO] [main] - Test Case Data
19:39:51 [ INFO] [main] -   Getting Started  Proposed Insured Date of Birth  VerifyVisible  Yes
19:39:51 [ INFO] [main] - Locator for Proposed Insured Date of Birth in page Getting Started
19:39:51 [ INFO] [main] -   TextBox  name  a_DOB_PINS  xpath  //div[@class='validationMsg']/label[@for='a_DOB_PINS_getting_started_lifeterm']
19:39:52 [ INFO] [main] - Test Case Data
19:39:52 [ INFO] [main] -   Getting Started  Proposed Insured Date of Birth  VerifyEnabled  Yes
19:39:52 [ INFO] [main] - Locator for Proposed Insured Date of Birth in page Getting Started
19:39:52 [ INFO] [main] -   TextBox  name  a_DOB_PINS  xpath  //div[@class='validationMsg']/label[@for='a_DOB_PINS_getting_started_lifeterm']
19:39:52 [ INFO] [main] - Test Case Data
19:39:52 [ INFO] [main] -   Getting Started  Underwriting Class Quoted  VerifyValue  Preferred Non Tobacco
19:39:52 [ INFO] [main] - Locator for Underwriting Class Quoted in page Getting Started
19:39:52 [ INFO] [main] -   DDLB  name  a_RateClassQuoted_AGT1  xpath  //div[@class='validationMsg']/label[@for='a_RateClassQuoted_AGT1_getting_started_lifeterm']
19:39:53 [ INFO] [main] - Test Case Data
19:39:53 [ INFO] [main] -   Getting Started  Policy Number  GetValue  
19:39:53 [ERROR] [main] - Error in getting Client_Side_Message_Identifier in getLocators in ReadPageManager Class
19:39:53 [ERROR] [main] - java.lang.NullPointerException
19:39:53 [ERROR] [main] - Error in getting Client_Side_Message_Locator in getLocators in ReadPageManager Class
19:39:53 [ERROR] [main] - java.lang.NullPointerException
19:39:53 [ INFO] [main] - Locator for Policy Number in page Getting Started
19:39:53 [ INFO] [main] -   Label  name  a_PolNumber    
19:39:53 [ INFO] [main] - Writing test data 'CT10005346' into cell (48,6)
19:39:54 [ INFO] [main] - Execution Completed for Test Case TC#4
19:39:55 [ INFO] [main] - Report Building Completed
19:39:55 [ INFO] [main] - Reporfiming Logout
19:39:58 [ INFO] [main] - Logout Successfull
19:42:00 [ INFO] [main] - Initializing Browser for Automation
19:42:15 [ INFO] [main] - Browser Initialization Successfull
19:42:18 [ INFO] [main] - Total no of case: 4
19:42:18 [ INFO] [main] - Initialization Report
19:42:18 [ INFO] [main] - Report Initialization Successfull
19:42:18 [ INFO] [main] - Initializing Screenshot path
19:42:18 [ INFO] [main] - Report Initialization Successfull
19:42:18 [ INFO] [main] -   TC#1  No
19:42:19 [ INFO] [main] -   TC#2  No
19:42:19 [ INFO] [main] -   TC#3  No
19:42:19 [ INFO] [main] -   TC#4  Yes
19:42:19 [ INFO] [main] - Starting Test Case TC#4
19:42:19 [ INFO] [main] - Test Case Data
19:42:19 [ INFO] [main] -   Agent Console  New Application  Click  SKIP
19:42:19 [ INFO] [main] - Test Case Data
19:42:19 [ INFO] [main] -   New Application  Plan Type  Click  SKIP
19:42:20 [ INFO] [main] - Test Case Data
19:42:20 [ INFO] [main] -   New Application  Quote  Click  SKIP
19:42:20 [ INFO] [main] - Test Case Data
19:42:20 [ INFO] [main] -   Quote  First Name  SetValue  SKIP
19:42:20 [ INFO] [main] - Test Case Data
19:42:20 [ INFO] [main] -   Quote  First Name  VerifyClientMessage  SKIP
19:42:20 [ INFO] [main] - Test Case Data
19:42:20 [ INFO] [main] -   Quote  MI  SetValue  SKIP
19:42:20 [ INFO] [main] - Test Case Data
19:42:20 [ INFO] [main] -   Quote  Last Name  SetValue  SKIP
19:42:20 [ INFO] [main] - Test Case Data
19:42:20 [ INFO] [main] -   Quote  Last Name  VerifyClientMessage  SKIP
19:42:20 [ INFO] [main] - Test Case Data
19:42:20 [ INFO] [main] -   Quote  Suffix  SetValue  SKIP
19:42:20 [ INFO] [main] - Test Case Data
19:42:20 [ INFO] [main] -   Quote  Application Jurisdiction  SetValue  SKIP
19:42:20 [ INFO] [main] - Test Case Data
19:42:20 [ INFO] [main] -   Quote  Save Age  SetValue  SKIP
19:42:21 [ INFO] [main] - Test Case Data
19:42:21 [ INFO] [main] -   Quote  Requested Policy Effective Date  SetValue  SKIP
19:42:21 [ INFO] [main] - Test Case Data
19:42:21 [ INFO] [main] -   Quote  DOB  SetValue  SKIP
19:42:21 [ INFO] [main] - Test Case Data
19:42:21 [ INFO] [main] -   Quote  Age  GetValue  SKIP
19:42:21 [ INFO] [main] - Test Case Data
19:42:21 [ INFO] [main] -   Quote  Gender  SetValue  SKIP
19:42:21 [ INFO] [main] - Test Case Data
19:42:21 [ INFO] [main] -   Quote  Tobacco User  SetValue  SKIP
19:42:21 [ INFO] [main] - Test Case Data
19:42:21 [ INFO] [main] -   Quote  Coverage Amount  SetValue  SKIP
19:42:21 [ INFO] [main] - Test Case Data
19:42:21 [ INFO] [main] -   Quote  Risk Classification Applied For  SetValue  SKIP
19:42:21 [ INFO] [main] - Test Case Data
19:42:21 [ INFO] [main] -   Quote  Billing Frequency  SetValue  SKIP
19:42:21 [ INFO] [main] - Test Case Data
19:42:21 [ INFO] [main] -   Quote  ADB Rider  SetValue  SKIP
19:42:21 [ INFO] [main] - Test Case Data
19:42:21 [ INFO] [main] -   Quote  ADB Amount  SetValue  SKIP
19:42:22 [ INFO] [main] - Test Case Data
19:42:22 [ INFO] [main] -   Quote  WOP Rider  SetValue  SKIP
19:42:22 [ INFO] [main] - Test Case Data
19:42:22 [ INFO] [main] -   Quote  Child Rider  SetValue  SKIP
19:42:22 [ INFO] [main] - Test Case Data
19:42:22 [ INFO] [main] -   Quote  Same Payor Discount  SetValue  SKIP
19:42:22 [ INFO] [main] - Test Case Data
19:42:22 [ INFO] [main] -   Quote  Employee Discount  SetValue  SKIP
19:42:22 [ INFO] [main] - Test Case Data
19:42:22 [ INFO] [main] -   Quote  Association Discount  SetValue  SKIP
19:42:22 [ INFO] [main] - Test Case Data
19:42:22 [ INFO] [main] -   Quote  Quote  Click  SKIP
19:42:22 [ INFO] [main] - Test Case Data
19:42:22 [ INFO] [main] -   Quote  Risk Classification Applied For  GetValue  SKIP
19:42:22 [ INFO] [main] - Test Case Data
19:42:22 [ INFO] [main] -   Quote  ADB Rider  GetValue  SKIP
19:42:22 [ INFO] [main] - Test Case Data
19:42:22 [ INFO] [main] -   Quote  ADB Amount  GetValue  SKIP
19:42:22 [ INFO] [main] - Test Case Data
19:42:22 [ INFO] [main] -   Quote  DOB  GetValue  SKIP
19:42:22 [ INFO] [main] - Test Case Data
19:42:22 [ INFO] [main] -   Quote  Tobacco User  GetValue  SKIP
19:42:22 [ INFO] [main] - Test Case Data
19:42:22 [ INFO] [main] -   Quote  Save Age  GetValue  SKIP
19:42:22 [ INFO] [main] - Test Case Data
19:42:22 [ INFO] [main] -   Quote  Same Payor Discount  GetValue  SKIP
19:42:22 [ INFO] [main] - Test Case Data
19:42:22 [ INFO] [main] -   Quote  Start New Application  Click  SKIP
19:42:22 [ INFO] [main] - Test Case Data
19:42:22 [ INFO] [main] -   Getting Started  Gender  SetValue  SKIP
19:42:23 [ INFO] [main] - Test Case Data
19:42:23 [ INFO] [main] -   Getting Started  Policy Number  GetValue  SKIP
19:42:23 [ INFO] [main] - Test Case Data
19:42:23 [ INFO] [main] -   Getting Started  Next  Click  SKIP
19:42:23 [ INFO] [main] - Test Case Data
19:42:23 [ INFO] [main] -   Agent Console  In Progress  Click  
19:42:23 [ERROR] [main] - Error in getting Client_Side_Message_Identifier in getLocators in ReadPageManager Class
19:42:23 [ERROR] [main] - java.lang.NullPointerException
19:42:23 [ERROR] [main] - Error in getting Client_Side_Message_Locator in getLocators in ReadPageManager Class
19:42:23 [ERROR] [main] - java.lang.NullPointerException
19:42:23 [ INFO] [main] - Locator for In Progress in page Agent Console
19:42:23 [ INFO] [main] -   Button  xpath  //li[@class='inProgress']/a    
19:42:25 [ INFO] [main] - Test Case Data
19:42:25 [ INFO] [main] -   In Progress  Status  GetValue  CT10005346
19:42:26 [ERROR] [main] - Error in getting Client_Side_Message_Identifier in getLocators in ReadPageManager Class
19:42:26 [ERROR] [main] - java.lang.NullPointerException
19:42:26 [ERROR] [main] - Error in getting Client_Side_Message_Locator in getLocators in ReadPageManager Class
19:42:26 [ERROR] [main] - java.lang.NullPointerException
19:42:26 [ INFO] [main] - Locator for Status in page In Progress
19:42:26 [ INFO] [main] -   Label  xpath  //td[@aria-describedby='list2_policyNumber' and text()='+PolicyNumber+']/following-sibling::td[@aria-describedby='list2_status']    
19:42:26 [ INFO] [main] - Writing test data 'In Progress' into cell (41,6)
19:42:27 [ INFO] [main] - Test Case Data
19:42:27 [ INFO] [main] -   In Progress  Client Name  Click  CT10005346
19:42:27 [ERROR] [main] - Error in getting Client_Side_Message_Identifier in getLocators in ReadPageManager Class
19:42:27 [ERROR] [main] - java.lang.NullPointerException
19:42:27 [ERROR] [main] - Error in getting Client_Side_Message_Locator in getLocators in ReadPageManager Class
19:42:27 [ERROR] [main] - java.lang.NullPointerException
19:42:27 [ INFO] [main] - Locator for Client Name in page In Progress
19:42:27 [ INFO] [main] -   Button  xpath  //td[@aria-describedby='list2_policyNumber' and text()='+PolicyNumber+']/preceding-sibling::td[@aria-describedby='list2_clientName']/a    
19:42:29 [ INFO] [main] - Test Case Data
19:42:29 [ INFO] [main] -   Getting Started  Producer No  VerifyEnabled  No
19:42:30 [ INFO] [main] - Locator for Producer No in page Getting Started
19:42:30 [ INFO] [main] -   TextBox  name  a_AgentID_AGT1  xpath  //div[@class='validationMsg']/label[@for='a_AgentID_AGT1_getting_started_lifeterm']
19:42:34 [ INFO] [main] - Test Case Data
19:42:34 [ INFO] [main] -   Getting Started  Substandard Ratings  VerifyVisible  No
19:42:34 [ INFO] [main] - Locator for Substandard Ratings in page Getting Started
19:42:34 [ INFO] [main] -   RadioOption  name  a_SubstandardRatings  xpath  //div[@class='validationMsg']/label[@for='a_SubstandardRatings_getting_started_lifeterm']
19:42:34 [ INFO] [main] - Test Case Data
19:42:34 [ INFO] [main] -   Getting Started  Proposed Insured Date of Birth  VerifyVisible  Yes
19:42:34 [ INFO] [main] - Locator for Proposed Insured Date of Birth in page Getting Started
19:42:34 [ INFO] [main] -   TextBox  name  a_DOB_PINS  xpath  //div[@class='validationMsg']/label[@for='a_DOB_PINS_getting_started_lifeterm']
19:42:35 [ INFO] [main] - Test Case Data
19:42:35 [ INFO] [main] -   Getting Started  Proposed Insured Date of Birth  VerifyEnabled  Yes
19:42:35 [ INFO] [main] - Locator for Proposed Insured Date of Birth in page Getting Started
19:42:35 [ INFO] [main] -   TextBox  name  a_DOB_PINS  xpath  //div[@class='validationMsg']/label[@for='a_DOB_PINS_getting_started_lifeterm']
19:42:36 [ INFO] [main] - Test Case Data
19:42:36 [ INFO] [main] -   Getting Started  Underwriting Class Quoted  VerifyValue  Preferred Non Tobacco
19:42:36 [ INFO] [main] - Locator for Underwriting Class Quoted in page Getting Started
19:42:36 [ INFO] [main] -   DDLB  name  a_RateClassQuoted_AGT1  xpath  //div[@class='validationMsg']/label[@for='a_RateClassQuoted_AGT1_getting_started_lifeterm']
19:42:37 [ INFO] [main] - Test Case Data
19:42:37 [ INFO] [main] -   Getting Started  Policy Number  GetValue  CT10005346
19:42:37 [ERROR] [main] - Error in getting Client_Side_Message_Identifier in getLocators in ReadPageManager Class
19:42:37 [ERROR] [main] - java.lang.NullPointerException
19:42:37 [ERROR] [main] - Error in getting Client_Side_Message_Locator in getLocators in ReadPageManager Class
19:42:37 [ERROR] [main] - java.lang.NullPointerException
19:42:37 [ INFO] [main] - Locator for Policy Number in page Getting Started
19:42:37 [ INFO] [main] -   Label  name  a_PolNumber    
19:42:37 [ INFO] [main] - Writing test data 'CT10005346' into cell (48,6)
19:42:37 [ INFO] [main] - Execution Completed for Test Case TC#4
19:42:38 [ INFO] [main] - Report Building Completed
19:42:38 [ INFO] [main] - Reporfiming Logout
19:42:42 [ INFO] [main] - Logout Successfull
